INFO:root:Requested info for user: eoq
INFO:root:Requested port for user: 4675
INFO:root:Requested certificate for user: WKg1Gpqi67zxtmGMVQZtYRkJCR5QZ52OIgOBePDf6rWU40qX8J3aG0SM/HLWNCI+9fSbZP4XHZABQZsndMMwCyvSq5t6SPNektojYF16Do/LRO/MX8xcaf82q1teBgMBMt2x9xCSf/9BsSLMUu+z1ItzN5sHl2pws6Bm3ODEHDQ=
INFO:root:Requested public key for user: -----BEGIN PUBLIC KEY-----
MIGfMA0GCSqGSIb3DQEBAQUAA4GNADCBiQKBgQDuS33fnZwVbVuWsBdqq+0cX8+h
ROdrfqZGNGP1uAFdvVeteRJbZY6N5BIg5sapAmrxPxMk6VK1igaRkuNV1tQEDiCZ
P8QepQB/UIFiZ5thetN6TzL+2HLCaiTLWNS4f1M2I+nPsHkXxCzZ8+FFknGyRM5C
bLUMFYAp/wCColF5eQIDAQAB
-----END PUBLIC KEY-----
INFO:root:Requested info for user: qwe
INFO:root:Requested port for user: 55093
INFO:root:Requested certificate for user: RDXUSSI22UybaHXPr3WYN0rWPjtIdo9CVid56uMTuoGz1r3VNWT4wqNMGYBDG89PR5HtsX22QHq1WUDtIHTNNC43Qd/v4OJu5Ev+Rzv9CjSK7FvfjT55ZwIRjgTllm3pirJCotlknCoreyisjt3ovRcPJeqPUwhcmB+6bXY/Nbg=
INFO:root:Requested public key for user: -----BEGIN PUBLIC KEY-----
MIGfMA0GCSqGSIb3DQEBAQUAA4GNADCBiQKBgQC8FLcfy/xiKOSCJN6XbII6Uzkb
CM2Mx9BA4+xpSc3ZjY45YMiHRHcwJbuOWR00FMZY1xi10nacZKNjAhBvZgc3T98s
aA6JEQnWOVjn51siXVwLkHZFiP2hn677CK27nGjDLz/at7CSZeFekeQrIcldDLwW
esQjooLY8D0EXCUPzwIDAQAB
-----END PUBLIC KEY-----
INFO:root:Requested info for user: qwe
INFO:root:Requested port for user: 55093
INFO:root:Requested certificate for user: RDXUSSI22UybaHXPr3WYN0rWPjtIdo9CVid56uMTuoGz1r3VNWT4wqNMGYBDG89PR5HtsX22QHq1WUDtIHTNNC43Qd/v4OJu5Ev+Rzv9CjSK7FvfjT55ZwIRjgTllm3pirJCotlknCoreyisjt3ovRcPJeqPUwhcmB+6bXY/Nbg=
INFO:root:Requested public key for user: -----BEGIN PUBLIC KEY-----
MIGfMA0GCSqGSIb3DQEBAQUAA4GNADCBiQKBgQC8FLcfy/xiKOSCJN6XbII6Uzkb
CM2Mx9BA4+xpSc3ZjY45YMiHRHcwJbuOWR00FMZY1xi10nacZKNjAhBvZgc3T98s
aA6JEQnWOVjn51siXVwLkHZFiP2hn677CK27nGjDLz/at7CSZeFekeQrIcldDLwW
esQjooLY8D0EXCUPzwIDAQAB
-----END PUBLIC KEY-----
